<?xml version="1.0" encoding="ISO-8859-1"?>

<configuration xmlns:xsi="http://www.w3.org/2001/XMLSchema-instance"
  xsi:schemaLocation="http://www.exoplatform.org/xml/ns/kernel_1_2.xsd http://www.exoplatform.org/xml/ns/kernel_1_2.xsd"
  xmlns="http://www.exoplatform.org/xml/ns/kernel_1_2.xsd">


  <component>
    <key>org.exoplatform.services.cms.documents.DocumentService</key>
    <type>org.exoplatform.onlyoffice.mock.DocumentServiceMock</type>
  </component>

  <component>
    <key>org.exoplatform.services.cms.lock.LockService</key>
    <type>org.exoplatform.onlyoffice.mock.LockServiceMock</type>
  </component>
  <component>
    <key>org.exoplatform.onlyoffice.OnlyofficeEditorService</key>
    <type>org.exoplatform.onlyoffice.OnlyofficeEditorServiceImpl</type>
    <init-params>
      <properties-param>
        <name>editor-configuration</name>
        <property name="documentserver-host" value="${onlyoffice.documentserver.host:127.0.0.1:80}" />
        <property name="documentserver-schema" value="${onlyoffice.documentserver.schema:http}" />
        <property name="documentserver-access-only" value="${onlyoffice.documentserver.accessOnly:true}" />
        <property name="documentserver-allowedhosts" value="${onlyoffice.documentserver.allowedhosts:}" />
        <property name="documentserver-secret" value="${onlyoffice.documentserver.secret:}" />
      </properties-param>
    </init-params>
  </component>
  <component>
    <key>org.exoplatform.onlyoffice.jcr.NodeFinder</key>
    <type>org.exoplatform.onlyoffice.jcr.CMSNodeFinder</type>
  </component>
  <component>
    <key>org.exoplatform.onlyoffice.rest.EditorService</key>
    <type>org.exoplatform.onlyoffice.rest.EditorService</type>
  </component>
</configuration>