<?xml version="1.0" encoding="ISO-8859-1"?>

<configuration xmlns:xsi="http://www.w3.org/2001/XMLSchema-instance"
  xsi:schemaLocation="http://www.exoplatform.org/xml/ns/kernel_1_3.xsd http://www.exoplatform.org/xml/ns/kernel_1_3.xsd"
  xmlns="http://www.exoplatform.org/xml/ns/kernel_1_3.xsd">

  <component>
    <type>org.exoplatform.services.organization.cache.OrganizationCacheHandler</type>
  </component>

  <component>
    <key>org.exoplatform.services.organization.idm.PicketLinkIDMCacheService</key>
    <type>org.exoplatform.services.organization.idm.PicketLinkIDMCacheService</type>
  </component>

  <component>
    <key>org.gatein.common.transaction.JTAUserTransactionLifecycleService</key>
    <type>org.gatein.common.transaction.JTAUserTransactionLifecycleServiceImpl</type>
  </component>

  <component>
    <key>org.infinispan.transaction.lookup.TransactionManagerLookup</key>
    <type>org.exoplatform.services.transaction.infinispan.JBossStandaloneJTAManagerLookup</type>
  </component>

  <component>
    <key>org.exoplatform.services.transaction.TransactionService</key>
    <type>org.exoplatform.services.transaction.infinispan.JBossTransactionsService</type>
    <init-params>
      <value-param>
        <name>timeout</name>
        <value>300</value>
      </value-param>
    </init-params>
  </component>

  <component>
    <key>org.exoplatform.services.organization.idm.PicketLinkIDMService</key>
    <type>org.exoplatform.services.organization.idm.PicketLinkIDMServiceImpl</type>
    <init-params>
      <value-param>
        <name>config</name>
        <value>jar:/conf/exo.portal.component.identity-picketlink-idm-config.xml</value>
      </value-param>
    </init-params>
  </component>

  <component>
    <key>org.exoplatform.services.organization.OrganizationService</key>
    <type>org.exoplatform.services.organization.idm.PicketLinkIDMOrganizationServiceImpl</type>
    <init-params>
      <object-param>
        <name>configuration</name>
        <object type="org.exoplatform.services.organization.idm.Config">
          <field name="useParentIdAsGroupType">
            <boolean>true</boolean>
          </field>
        </object>
      </object-param>
    </init-params>
  </component>

  <component>
    <key>org.exoplatform.services.database.HibernateService</key>
    <jmx-name>database:type=HibernateService</jmx-name>
    <type>org.exoplatform.services.organization.idm.CustomHibernateServiceImpl</type>
    <init-params>
      <properties-param>
        <name>hibernate.properties</name>
        <description>Default Hibernate Service</description>
        <property name="hibernate.hbm2ddl.auto" value="create-drop" />
        <property name="hibernate.show_sql" value="false" />
        <property name="hibernate.current_session_context_class" value="thread" />
        <property name="hibernate.cache.use_second_level_cache" value="false" />
        <property name="hibernate.cache.use_query_cache" value="false" />
        <property name="hibernate.connection.datasource" value="jdbcidm" />
        <property name="hibernate.c3p0.min_size" value="5" />
        <property name="hibernate.c3p0.max_size" value="20" />
        <property name="hibernate.c3p0.timeout" value="1800" />
        <property name="hibernate.c3p0.max_statements" value="50" />
      </properties-param>
    </init-params>
  </component>

  <!-- Init mappings -->
  <external-component-plugins>
    <target-component>org.exoplatform.services.database.HibernateService</target-component>
    <component-plugin>
      <name>add.hibernate.mapping</name>
      <set-method>addPlugin</set-method>
      <type>org.exoplatform.services.database.impl.AddHibernateMappingPlugin</type>
      <init-params>
        <values-param>
          <name>hibernate.mapping</name>
          <value>conf/mappings/HibernateRealm.hbm.xml</value>
          <value>conf/mappings/HibernateIdentityObjectCredentialBinaryValue.hbm.xml</value>
          <value>conf/mappings/HibernateIdentityObjectAttributeBinaryValue.hbm.xml</value>
          <value>conf/mappings/HibernateIdentityObject.hbm.xml</value>
          <value>conf/mappings/HibernateIdentityObjectCredential.hbm.xml</value>
          <value>conf/mappings/HibernateIdentityObjectCredentialType.hbm.xml</value>
          <value>conf/mappings/HibernateIdentityObjectAttribute.hbm.xml</value>
          <value>conf/mappings/HibernateIdentityObjectType.hbm.xml</value>
          <value>conf/mappings/HibernateIdentityObjectRelationship.hbm.xml</value>
          <value>conf/mappings/HibernateIdentityObjectRelationshipType.hbm.xml</value>
          <value>conf/mappings/HibernateIdentityObjectRelationshipName.hbm.xml</value>
        </values-param>
      </init-params>
    </component-plugin>
  </external-component-plugins>
</configuration>