<?xml version="1.0" encoding="UTF-8"?>
<nodeTypes xmlns:nt="http://www.jcp.org/jcr/nt/1.0" xmlns:mix="http://www.jcp.org/jcr/mix/1.0"
  xmlns:jcr="http://www.jcp.org/jcr/1.0">

  <!-- Nodetypes for tests -->

  <nodeType name="exo:hiddenable" isMixin="true" hasOrderableChildNodes="false" primaryItemName="">
    <propertyDefinitions>
    </propertyDefinitions>
  </nodeType>
  <nodeType name="exo:trashFolder" isMixin="true" hasOrderableChildNodes="false" primaryItemName="">
  </nodeType>

  <nodeType name="exo:rss-enable" isMixin="true" hasOrderableChildNodes="false" primaryItemName="">
    <propertyDefinitions>
      <propertyDefinition name="exo:title" requiredType="String" autoCreated="false" mandatory="true"
        onParentVersion="COPY" protected="false" multiple="false">
        <valueConstraints />
      </propertyDefinition>
      <propertyDefinition name="exo:summary" requiredType="String" autoCreated="false" mandatory="false"
        onParentVersion="COPY" protected="false" multiple="false">
        <valueConstraints />
      </propertyDefinition>
    </propertyDefinitions>
  </nodeType>

  <nodeType name="exo:sortable" isMixin="true" hasOrderableChildNodes="false" primaryItemName="">
    <propertyDefinitions>
      <propertyDefinition name="exo:index" requiredType="Long" autoCreated="true" mandatory="false"
        onParentVersion="COPY" protected="false" multiple="false">
        <valueConstraints />
        <defaultValues>
          <defaultValue>1000</defaultValue>
        </defaultValues>
      </propertyDefinition>
      <propertyDefinition name="exo:title" requiredType="String" autoCreated="true" mandatory="false"
        onParentVersion="COPY" protected="false" multiple="false">
        <valueConstraints />
      </propertyDefinition>
      <propertyDefinition name="exo:titlePublished" requiredType="String" autoCreated="true" mandatory="false"
        onParentVersion="COPY" protected="false" multiple="false">
        <valueConstraints />
      </propertyDefinition>
      <propertyDefinition name="exo:name" requiredType="String" autoCreated="true" mandatory="false"
        onParentVersion="COPY" protected="false" multiple="false">
        <valueConstraints />
      </propertyDefinition>
      <propertyDefinition name="publication:liveDate" requiredType="Date" autoCreated="true" mandatory="false"
        onParentVersion="COPY" protected="false" multiple="false">
        <valueConstraints />
      </propertyDefinition>
    </propertyDefinitions>
  </nodeType>

  <nodeType name="exo:modify" isMixin="true" hasOrderableChildNodes="false" primaryItemName="">
    <propertyDefinitions>
      <propertyDefinition name="exo:lastModifiedDate" requiredType="Date" autoCreated="true" mandatory="false"
        onParentVersion="COPY" protected="false" multiple="false">
        <valueConstraints />
      </propertyDefinition>
      <propertyDefinition name="exo:lastModifier" requiredType="String" autoCreated="true" mandatory="false"
        onParentVersion="COPY" protected="false" multiple="false">
        <valueConstraints />
      </propertyDefinition>
    </propertyDefinitions>
  </nodeType>

  <nodeType name="mix:commentable" isMixin="true" hasOrderableChildNodes="false" primaryItemName="">
  </nodeType>

  <nodeType name="exo:comments" isMixin="false" hasOrderableChildNodes="false" primaryItemName="">
    <supertypes>
      <supertype>nt:unstructured</supertype>
    </supertypes>
    <propertyDefinitions>
      <propertyDefinition name="exo:commentor" requiredType="String" autoCreated="false" mandatory="false"
        onParentVersion="COPY" protected="false" multiple="false">
        <valueConstraints />
      </propertyDefinition>
      <propertyDefinition name="exo:commentorFullName" requiredType="String" autoCreated="false"
        mandatory="false" onParentVersion="COPY" protected="false" multiple="false">
        <valueConstraints />
      </propertyDefinition>
      <propertyDefinition name="exo:commentorEmail" requiredType="String" autoCreated="false" mandatory="false"
        onParentVersion="COPY" protected="false" multiple="false">
        <valueConstraints />
      </propertyDefinition>
      <propertyDefinition name="exo:commentorSite" requiredType="String" autoCreated="false" mandatory="false"
        onParentVersion="COPY" protected="false" multiple="false">
        <valueConstraints />
      </propertyDefinition>
      <propertyDefinition name="exo:commentDate" requiredType="Date" autoCreated="false" mandatory="false"
        onParentVersion="COPY" protected="false" multiple="false">
        <valueConstraints />
      </propertyDefinition>
      <propertyDefinition name="exo:commentContent" requiredType="String" autoCreated="false" mandatory="false"
        onParentVersion="COPY" protected="false" multiple="false">
        <valueConstraints />
      </propertyDefinition>
    </propertyDefinitions>
  </nodeType>

  <nodeType name="mix:votable" isMixin="true" hasOrderableChildNodes="false" primaryItemName="">
    <propertyDefinitions>
      <propertyDefinition name="exo:votingRate" requiredType="Double" autoCreated="true" mandatory="false"
        onParentVersion="COPY" protected="false" multiple="false">
        <valueConstraints />
        <defaultValues>
          <defaultValue>0</defaultValue>
        </defaultValues>
      </propertyDefinition>
      <propertyDefinition name="exo:voteTotal" requiredType="Long" autoCreated="true" mandatory="false"
        onParentVersion="COPY" protected="false" multiple="false">
        <valueConstraints />
        <defaultValues>
          <defaultValue>0</defaultValue>
        </defaultValues>
      </propertyDefinition>
      <propertyDefinition name="exo:voteTotalOfLang" requiredType="Long" autoCreated="true" mandatory="false"
        onParentVersion="COPY" protected="false" multiple="false">
        <valueConstraints />
        <defaultValues>
          <defaultValue>0</defaultValue>
        </defaultValues>
      </propertyDefinition>
      <propertyDefinition name="exo:voter" requiredType="String" autoCreated="true" mandatory="false"
        onParentVersion="COPY" protected="false" multiple="true">
      </propertyDefinition>
      <propertyDefinition name="exo:voterVoteValues" requiredType="String" autoCreated="true" mandatory="false"
        onParentVersion="COPY" protected="false" multiple="true">
      </propertyDefinition>
    </propertyDefinitions>
  </nodeType>

  <nodeType name="mix:i18n" isMixin="true" hasOrderableChildNodes="false" primaryItemName="">
    <propertyDefinitions>
      <propertyDefinition name="exo:language" requiredType="String" autoCreated="true" mandatory="false"
        onParentVersion="COPY" protected="false" multiple="false">
        <valueConstraints />
        <defaultValues>
          <defaultValue>en</defaultValue>
        </defaultValues>
      </propertyDefinition>
    </propertyDefinitions>
    <childNodeDefinitions>
      <childNodeDefinition name="*" defaultPrimaryType="nt:unstructured" autoCreated="false" mandatory="false"
        onParentVersion="COPY" protected="false" sameNameSiblings="false">
        <requiredPrimaryTypes>
          <requiredPrimaryType>nt:unstructured</requiredPrimaryType>
        </requiredPrimaryTypes>
      </childNodeDefinition>
    </childNodeDefinitions>
  </nodeType>

  <nodeType name="exo:datetime" isMixin="true" hasOrderableChildNodes="false" primaryItemName="">
    <propertyDefinitions>
      <propertyDefinition name="exo:dateCreated" requiredType="Date" autoCreated="true" mandatory="false"
        onParentVersion="COPY" protected="false" multiple="false">
        <valueConstraints />
      </propertyDefinition>
      <propertyDefinition name="exo:dateModified" requiredType="Date" autoCreated="true" mandatory="false"
        onParentVersion="COPY" protected="false" multiple="false">
        <valueConstraints />
      </propertyDefinition>
      <propertyDefinition name="exo:lastModifiedDate" requiredType="Date" autoCreated="true" mandatory="false"
        onParentVersion="COPY" protected="false" multiple="false">
        <valueConstraints />
      </propertyDefinition>
    </propertyDefinitions>
  </nodeType>


</nodeTypes>